.
в”њв”Ђв”Ђ A
в”њв”Ђв”Ђ brain-monitor.js
в”њв”Ђв”Ђ butterchurn-presets
в”‚В В  в””в”Ђв”Ђ lib
в”њв”Ђв”Ђ butterchurn.js
в”њв”Ђв”Ђ butterchurnPresets.min.js
в”њв”Ђв”Ђ CNAME
в”њв”Ђв”Ђ debug-ui.js
в”њв”Ђв”Ђ engine.js
в”њв”Ђв”Ђ engine2.js
в”њв”Ђв”Ђ engine3.js
в”њв”Ђв”Ђ engine4.js
в”њв”Ђв”Ђ favicon.ico
в”њв”Ђв”Ђ files
в”‚В В  в”њв”Ђв”Ђ aud
в”‚В В  в”њв”Ђв”Ђ font
в”‚В В  в”њв”Ђв”Ђ img
в”‚В В  в”њв”Ђв”Ђ mov
в”‚В В  в”њв”Ђв”Ђ nfo
в”‚В В  в””в”Ђв”Ђ port
в”њв”Ђв”Ђ files.log
в”њв”Ђв”Ђ gallery.js
в”њв”Ђв”Ђ glsl-core.js
в”њв”Ђв”Ђ index.html
в”њв”Ђв”Ђ index.html.bak
в”њв”Ђв”Ђ jquery-3.1.1.min.js
в”њв”Ђв”Ђ lodash.js
в”њв”Ђв”Ђ manifest.json
в”њв”Ђв”Ђ modes
в”‚В В  в”њв”Ђв”Ђ mode-back.js
в”‚В В  в”њв”Ђв”Ђ mode-bedroom3.js
в”‚В В  в”њв”Ђв”Ђ mode-blackhole.js
в”‚В В  в”њв”Ђв”Ђ mode-cabin.js
в”‚В В  в”њв”Ђв”Ђ mode-elevator.js
в”‚В В  в”њв”Ђв”Ђ mode-left.js
в”‚В В  в”њв”Ђв”Ђ mode-left2.js
в”‚В В  в”њв”Ђв”Ђ mode-right.js
в”‚В В  в”њв”Ђв”Ђ mode-right2.js
в”‚В В  в”њв”Ђв”Ђ mode1.js
в”‚В В  в”њв”Ђв”Ђ mode2.js
в”‚В В  в”њв”Ђв”Ђ mode3.js
в”‚В В  в”њв”Ђв”Ђ mode4.js
в”‚В В  в”њв”Ђв”Ђ mode5.js
в”‚В В  в”њв”Ђв”Ђ mode6.js
в”‚В В  в”њв”Ђв”Ђ mode7.js
в”‚В В  в””в”Ђв”Ђ mode9.js
в”њв”Ђв”Ђ player.js
в”њв”Ђв”Ђ portfolio.html
в”њв”Ђв”Ђ prev.png
в”њв”Ђв”Ђ site-ui.js
в”њв”Ђв”Ђ test copy.html
в”њв”Ђв”Ђ test.html
в”њв”Ђв”Ђ test.html.bak
в””в”Ђв”Ђ videos.js

11 directories, 44 files
