.
в”њв”Ђв”Ђ 2test.html
в”њв”Ђв”Ђ A
в”њв”Ђв”Ђ brain-monitor.js
в”њв”Ђв”Ђ butterchurn-presets
в”‚В В  в””в”Ђв”Ђ lib
в”‚В В      в”њв”Ђв”Ђ butterchurnPresetsExtra.min.js
в”‚В В      в””в”Ђв”Ђ webpaack.config.js
в”њв”Ђв”Ђ butterchurn.js
в”њв”Ђв”Ђ butterchurnPresets.min.js
в”њв”Ђв”Ђ CNAME
в”њв”Ђв”Ђ debug-ui.js
в”њв”Ђв”Ђ engine.js
в”њв”Ђв”Ђ engine2.js
в”њв”Ђв”Ђ engine3.js
в”њв”Ђв”Ђ engine4.js
в”њв”Ђв”Ђ favicon.ico
в”њв”Ђв”Ђ file.log
в”њв”Ђв”Ђ files
в”‚В В  в”њв”Ђв”Ђ aud
в”‚В В  в”‚В В  в””в”Ђв”Ђ *.mp3
в”‚В В  в”њв”Ђв”Ђ font
в”‚В В  в”‚В В  в”њв”Ђв”Ђ *.woff
в”‚В В  в”‚В В  в””в”Ђв”Ђ *.woff2
в”‚В В  в”њв”Ђв”Ђ img
в”‚В В  в”‚В В  в”њв”Ђв”Ђ buttin.png
в”‚В В  в”‚В В  в”њв”Ђв”Ђ gallery
в”‚В В  в”‚В В  в”‚В В  в””в”Ђв”Ђ *.webp
в”‚В В  в”‚В В  в”њв”Ђв”Ђ h
в”‚В В  в”‚В В  в”‚В В  в”њв”Ђв”Ђ h1.png
в”‚В В  в”‚В В  в”‚В В  в”њв”Ђв”Ђ h2.png
в”‚В В  в”‚В В  в”‚В В  в”њв”Ђв”Ђ h3.png
в”‚В В  в”‚В В  в”‚В В  в”њв”Ђв”Ђ h4.png
в”‚В В  в”‚В В  в”‚В В  в””в”Ђв”Ђ h5.png
в”‚В В  в”‚В В  в”њв”Ђв”Ђ index.png
в”‚В В  в”‚В В  в”њв”Ђв”Ђ iphone
в”‚В В  в”‚В В  в”‚В В  в”њв”Ђв”Ђ back-iphone.png
в”‚В В  в”‚В В  в”‚В В  в”њв”Ђв”Ђ bathroom-iphone.png
в”‚В В  в”‚В В  в”‚В В  в”њв”Ђв”Ђ bedrooom-iphone.png
в”‚В В  в”‚В В  в”‚В В  в”њв”Ђв”Ђ canalpost-iphone.png
в”‚В В  в”‚В В  в”‚В В  в”њв”Ђв”Ђ iphone
в”‚В В  в”‚В В  в”‚В В  в”њв”Ђв”Ђ left-iphone.png
в”‚В В  в”‚В В  в”‚В В  в””в”Ђв”Ђ right-iphone.png
в”‚В В  в”‚В В  в”њв”Ђв”Ђ me.jpg
в”‚В В  в”‚В В  в”њв”Ђв”Ђ rooms
в”‚В В  в”‚В В  в”‚В В  в”њв”Ђв”Ђ ctrls.png
в”‚В В  в”‚В В  в”‚В В  в”њв”Ђв”Ђ oob
в”‚В В  в”‚В В  в”‚В В  в”‚В В  в”њв”Ђв”Ђ bathroom-blood-oob.png
в”‚В В  в”‚В В  в”‚В В  в”‚В В  в”њв”Ђв”Ђ bathroom-hole-oob.png
в”‚В В  в”‚В В  в”‚В В  в”‚В В  в”њв”Ђв”Ђ bathroom-oob.png
в”‚В В  в”‚В В  в”‚В В  в”‚В В  в”њв”Ђв”Ђ bedrooom-oob.png
в”‚В В  в”‚В В  в”‚В В  в”‚В В  в””в”Ђв”Ђ FORWARD-oob.png
в”‚В В  в”‚В В  в”‚В В  в”њв”Ђв”Ђ z1
в”‚В В  в”‚В В  в”‚В В  в”‚В В  в”њв”Ђв”Ђ back.png
в”‚В В  в”‚В В  в”‚В В  в”‚В В  в”њв”Ђв”Ђ deadcity.png
в”‚В В  в”‚В В  в”‚В В  в”‚В В  в”њв”Ђв”Ђ door.png
в”‚В В  в”‚В В  в”‚В В  в”‚В В  в”њв”Ђв”Ђ left-mobile-ai.png
в”‚В В  в”‚В В  в”‚В В  в”‚В В  в”њв”Ђв”Ђ left-mobile.png
в”‚В В  в”‚В В  в”‚В В  в”‚В В  в”њв”Ђв”Ђ mirror-b.png
в”‚В В  в”‚В В  в”‚В В  в”‚В В  в”њв”Ђв”Ђ mirror-v1.png
в”‚В В  в”‚В В  в”‚В В  в”‚В В  в”њв”Ђв”Ђ mirror-v2.png
в”‚В В  в”‚В В  в”‚В В  в”‚В В  в”њв”Ђв”Ђ mirror-v3.png
в”‚В В  в”‚В В  в”‚В В  в”‚В В  в”њв”Ђв”Ђ ocean.png
в”‚В В  в”‚В В  в”‚В В  в”‚В В  в””в”Ђв”Ђ right-mobile.png
в”‚В В  в”‚В В  в”‚В В  в”њв”Ђв”Ђ z2
в”‚В В  в”‚В В  в”‚В В  в”‚В В  в”њв”Ђв”Ђ bathroom-blood.png
в”‚В В  в”‚В В  в”‚В В  в”‚В В  в”њв”Ђв”Ђ bathroom-hole.png
в”‚В В  в”‚В В  в”‚В В  в”‚В В  в”њв”Ђв”Ђ bathroom-wall.png
в”‚В В  в”‚В В  в”‚В В  в”‚В В  в”њв”Ђв”Ђ bathroom.png
в”‚В В  в”‚В В  в”‚В В  в”‚В В  в”њв”Ђв”Ђ bedroom-wall.png
в”‚В В  в”‚В В  в”‚В В  в”‚В В  в”њв”Ђв”Ђ bedrooom.png
в”‚В В  в”‚В В  в”‚В В  в”‚В В  в””в”Ђв”Ђ hallway
в”‚В В  в”‚В В  в”‚В В  в”‚В В      в”њв”Ђв”Ђ BACK-ALT.png
в”‚В В  в”‚В В  в”‚В В  в”‚В В      в”њв”Ђв”Ђ BACK.png
в”‚В В  в”‚В В  в”‚В В  в”‚В В      в”њв”Ђв”Ђ FENCE.png
в”‚В В  в”‚В В  в”‚В В  в”‚В В      в”њв”Ђв”Ђ FORWARD-alt.png
в”‚В В  в”‚В В  в”‚В В  в”‚В В      в”њв”Ђв”Ђ FORWARD.png
в”‚В В  в”‚В В  в”‚В В  в”‚В В      в”њв”Ђв”Ђ GROUND.png
в”‚В В  в”‚В В  в”‚В В  в”‚В В      в”њв”Ђв”Ђ LEFTWALL_B.png
в”‚В В  в”‚В В  в”‚В В  в”‚В В      в”њв”Ђв”Ђ LEFTWALL.png
в”‚В В  в”‚В В  в”‚В В  в”‚В В      в”њв”Ђв”Ђ RIGHTWALL.png
в”‚В В  в”‚В В  в”‚В В  в”‚В В      в””в”Ђв”Ђ TOP.png
в”‚В В  в”‚В В  в”‚В В  в”њв”Ђв”Ђ z3
в”‚В В  в”‚В В  в”‚В В  в”‚В В  в”њв”Ђв”Ђ cockpit.png
в”‚В В  в”‚В В  в”‚В В  в”‚В В  в”њв”Ђв”Ђ door-closed.png
в”‚В В  в”‚В В  в”‚В В  в”‚В В  в”њв”Ђв”Ђ door-open.png
в”‚В В  в”‚В В  в”‚В В  в”‚В В  в””в”Ђв”Ђ FORWARD-alt.png
в”‚В В  в”‚В В  в”‚В В  в””в”Ђв”Ђ z4
в”‚В В  в”‚В В  в”‚В В      в”њв”Ђв”Ђ SPACE-CEILING.png
в”‚В В  в”‚В В  в”‚В В      в”њв”Ђв”Ђ SPACE-FLOOR.png
в”‚В В  в”‚В В  в”‚В В      в”њв”Ђв”Ђ SPACE-LP1.png
в”‚В В  в”‚В В  в”‚В В      в”њв”Ђв”Ђ SPACE-LP2.png
в”‚В В  в”‚В В  в”‚В В      в”њв”Ђв”Ђ SPACE-LP3.png
в”‚В В  в”‚В В  в”‚В В      в”њв”Ђв”Ђ SPACE-RP1.png
в”‚В В  в”‚В В  в”‚В В      в”њв”Ђв”Ђ SPACE-RP2.png
в”‚В В  в”‚В В  в”‚В В      в””в”Ђв”Ђ SPACE-RP3.png
в”‚В В  в”‚В В  в”њв”Ђв”Ђ splash
в”‚В В  в”‚В В  в”‚В В  в”њв”Ђв”Ђ aerial.gif
в”‚В В  в”‚В В  в”‚В В  в”њв”Ђв”Ђ aerial.png
в”‚В В  в”‚В В  в”‚В В  в”њв”Ђв”Ђ ctrls.png
в”‚В В  в”‚В В  в”‚В В  в”њв”Ђв”Ђ enter-button.gif
в”‚В В  в”‚В В  в”‚В В  в””в”Ђв”Ђ load.gif
в”‚В В  в”‚В В  в””в”Ђв”Ђ void
в”‚В В  в”‚В В      в”њв”Ђв”Ђ building01.png
в”‚В В  в”‚В В      в”њв”Ђв”Ђ building02.png
в”‚В В  в”‚В В      в”њв”Ђв”Ђ building03.png
в”‚В В  в”‚В В      в”њв”Ђв”Ђ building04.png
в”‚В В  в”‚В В      в”њв”Ђв”Ђ building05.png
в”‚В В  в”‚В В      в”њв”Ђв”Ђ building06.png
в”‚В В  в”‚В В      в”њв”Ђв”Ђ building07.png
в”‚В В  в”‚В В      в”њв”Ђв”Ђ building08.png
в”‚В В  в”‚В В      в”њв”Ђв”Ђ building09.png
в”‚В В  в”‚В В      в”њв”Ђв”Ђ canalport-mask.png
в”‚В В  в”‚В В      в”њв”Ђв”Ђ gorebuilding01.png
в”‚В В  в”‚В В      в”њв”Ђв”Ђ gorebuilding02.png
в”‚В В  в”‚В В      в”њв”Ђв”Ђ gorebuilding03.png
в”‚В В  в”‚В В      в”њв”Ђв”Ђ goresky.png
в”‚В В  в”‚В В      в”њв”Ђв”Ђ gorewater.png
в”‚В В  в”‚В В      в”њв”Ђв”Ђ oob-mask.png
в”‚В В  в”‚В В      в”њв”Ђв”Ђ skyline.png
в”‚В В  в”‚В В      в””в”Ђв”Ђ skyline2.png
в”‚В В  в”њв”Ђв”Ђ mov
в”‚В В  в”‚В В  в”њв”Ђв”Ђ acne1.mp4
в”‚В В  в”‚В В  в”њв”Ђв”Ђ acne2.mp4
в”‚В В  в”‚В В  в”њв”Ђв”Ђ acne3.mp4
в”‚В В  в”‚В В  в”њв”Ђв”Ђ acne4.mp4
в”‚В В  в”‚В В  в”њв”Ђв”Ђ bh2.mp4
в”‚В В  в”‚В В  в”њв”Ђв”Ђ bh3.mp4
в”‚В В  в”‚В В  в”њв”Ђв”Ђ camper1.mp4
в”‚В В  в”‚В В  в”њв”Ђв”Ђ camper2.mp4
в”‚В В  в”‚В В  в”њв”Ђв”Ђ camper3.mp4
в”‚В В  в”‚В В  в”њв”Ђв”Ђ compreelnu1.mp4
в”‚В В  в”‚В В  в”њв”Ђв”Ђ compreelnu2.mp4
в”‚В В  в”‚В В  в”њв”Ђв”Ђ earth.mp4
в”‚В В  в”‚В В  в”њв”Ђв”Ђ fly.mp4
в”‚В В  в”‚В В  в”њв”Ђв”Ђ gstar1.mp4
в”‚В В  в”‚В В  в”њв”Ђв”Ђ gstar2.mp4
в”‚В В  в”‚В В  в”њв”Ђв”Ђ gstar3.mp4
в”‚В В  в”‚В В  в”њв”Ђв”Ђ gstar4.mp4
в”‚В В  в”‚В В  в”њв”Ђв”Ђ mapped
в”‚В В  в”‚В В  в”‚В В  в”њв”Ђв”Ђ albionhouse.mp4
в”‚В В  в”‚В В  в”‚В В  в”њв”Ђв”Ђ chemlove.mp4
в”‚В В  в”‚В В  в”‚В В  в”њв”Ђв”Ђ crywolf.mp4
в”‚В В  в”‚В В  в”‚В В  в”њв”Ђв”Ђ emptybottle.mp4
в”‚В В  в”‚В В  в”‚В В  в”њв”Ђв”Ђ forcedenlightenment_1.mp4
в”‚В В  в”‚В В  в”‚В В  в”њв”Ђв”Ђ forcedenlightenment_2.mp4
в”‚В В  в”‚В В  в”‚В В  в”њв”Ђв”Ђ grate.mp4
в”‚В В  в”‚В В  в”‚В В  в”њв”Ђв”Ђ lotusmotel.mp4
в”‚В В  в”‚В В  в”‚В В  в”њв”Ђв”Ђ mattlistendarkenlightenmenttrack.mp4
в”‚В В  в”‚В В  в”‚В В  в”њв”Ђв”Ђ smtiaie.mp4
в”‚В В  в”‚В В  в”‚В В  в”њв”Ђв”Ђ thom_1.mp4
в”‚В В  в”‚В В  в”‚В В  в”њв”Ђв”Ђ thom_2.mp4
в”‚В В  в”‚В В  в”‚В В  в”њв”Ђв”Ђ untitled.mp4
в”‚В В  в”‚В В  в”‚В В  в”њв”Ђв”Ђ uwmadison.mp4
в”‚В В  в”‚В В  в”‚В В  в”њв”Ђв”Ђ yfpmms.mp4
в”‚В В  в”‚В В  в”‚В В  в””в”Ђв”Ђ z-1.mp4
в”‚В В  в”‚В В  в”њв”Ђв”Ђ marg1.mp4
в”‚В В  в”‚В В  в”њв”Ђв”Ђ marg2.mp4
в”‚В В  в”‚В В  в”њв”Ђв”Ђ mmxgm.mp4
в”‚В В  в”‚В В  в”њв”Ђв”Ђ nthng.mp4
в”‚В В  в”‚В В  в”њв”Ђв”Ђ smtiaie.mp4
в”‚В В  в”‚В В  в”њв”Ђв”Ђ tricky.mp4
в”‚В В  в”‚В В  в””в”Ђв”Ђ tricky.webm
в”‚В В  в”њв”Ђв”Ђ nfo
в”‚В В  в”‚В В  в””в”Ђв”Ђ cv.nfo
в”‚В В  в””в”Ђв”Ђ port
в”‚В В      в”њв”Ђв”Ђ aud
в”‚В В      в”‚В В  в”њв”Ђв”Ђ 2025.12.22.13.03.53.m4a
в”‚В В      в”‚В В  в”њв”Ђв”Ђ 2025.12.22.23.57.12.m4a
в”‚В В      в”‚В В  в”њв”Ђв”Ђ ACNE_COATEDDENIM_CUT4.m4a
в”‚В В      в”‚В В  в”њв”Ђв”Ђ ACNE_DARKSIDE_CUT5V2.m4a
в”‚В В      в”‚В В  в”њв”Ђв”Ђ ACNE_SHERLING_CUT2.m4a
в”‚В В      в”‚В В  в”њв”Ђв”Ђ ACNE_SHERLING_CUT3.m4a
в”‚В В      в”‚В В  в”њв”Ђв”Ђ ACNE_TEASER_CUT1.m4a
в”‚В В      в”‚В В  в”њв”Ђв”Ђ GABBER_CLIP.m4a
в”‚В В      в”‚В В  в”њв”Ђв”Ђ MARGIELA_V1.0.m4a
в”‚В В      в”‚В В  в”њв”Ђв”Ђ MARGIELA_V2.0.m4a
в”‚В В      в”‚В В  в”њв”Ђв”Ђ NIKE-1x.m4a
в”‚В В      в”‚В В  в”њв”Ђв”Ђ NIKE-2.m4a
в”‚В В      в”‚В В  в”њв”Ђв”Ђ NIKE-3.m4a
в”‚В В      в”‚В В  в”њв”Ђв”Ђ OP3-v1.m4a
в”‚В В      в”‚В В  в”њв”Ђв”Ђ OP3-v2dubbed.m4a
в”‚В В      в”‚В В  в”њв”Ђв”Ђ POP_PUNK_CLIP.m4a
в”‚В В      в”‚В В  в””в”Ђв”Ђ TRAP_FRAGMENT.m4a
в”‚В В      в”њв”Ђв”Ђ font
в”‚В В      в”‚В В  в”њв”Ђв”Ђ exif.font.log
в”‚В В      в”‚В В  в”њв”Ђв”Ђ GGX88Bk-Italic.woff
в”‚В В      в”‚В В  в”њв”Ђв”Ђ GGX88Bk-Italic.woff2
в”‚В В      в”‚В В  в”њв”Ђв”Ђ GGX88Bk-Regular.woff
в”‚В В      в”‚В В  в”њв”Ђв”Ђ GGX88Bk-Regular.woff2
в”‚В В      в”‚В В  в”њв”Ђв”Ђ GGX88El-Italic.woff
в”‚В В      в”‚В В  в”њв”Ђв”Ђ GGX88El-Italic.woff2
в”‚В В      в”‚В В  в”њв”Ђв”Ђ GGX88El-Regular.woff
в”‚В В      в”‚В В  в”њв”Ђв”Ђ GGX88El-Regular.woff2
в”‚В В      в”‚В В  в”њв”Ђв”Ђ GGX88Hv-Italic.woff
в”‚В В      в”‚В В  в”њв”Ђв”Ђ GGX88Hv-Italic.woff2
в”‚В В      в”‚В В  в”њв”Ђв”Ђ GGX88Hv-Regular.woff
в”‚В В      в”‚В В  в”њв”Ђв”Ђ GGX88Hv-Regular.woff2
в”‚В В      в”‚В В  в”њв”Ђв”Ђ GGX88Lt-Italic.woff
в”‚В В      в”‚В В  в”њв”Ђв”Ђ GGX88Lt-Italic.woff2
в”‚В В      в”‚В В  в”њв”Ђв”Ђ GGX88Lt-Regular.woff
в”‚В В      в”‚В В  в”њв”Ђв”Ђ GGX88Lt-Regular.woff2
в”‚В В      в”‚В В  в”њв”Ђв”Ђ GGX88Rg-Bold.woff
в”‚В В      в”‚В В  в”њв”Ђв”Ђ GGX88Rg-Bold.woff2
в”‚В В      в”‚В В  в”њв”Ђв”Ђ GGX88Rg-BoldItalic.woff
в”‚В В      в”‚В В  в”њв”Ђв”Ђ GGX88Rg-BoldItalic.woff2
в”‚В В      в”‚В В  в”њв”Ђв”Ђ GGX88Rg-Italic.woff
в”‚В В      в”‚В В  в”њв”Ђв”Ђ GGX88Rg-Italic.woff2
в”‚В В      в”‚В В  в”њв”Ђв”Ђ GGX88Rg-Regular.woff
в”‚В В      в”‚В В  в”њв”Ђв”Ђ GGX88Rg-Regular.woff2
в”‚В В      в”‚В В  в”њв”Ђв”Ђ GGX88Ul-Italic.woff
в”‚В В      в”‚В В  в”њв”Ђв”Ђ GGX88Ul-Italic.woff2
в”‚В В      в”‚В В  в”њв”Ђв”Ђ GGX88Ul-Regular.woff
в”‚В В      в”‚В В  в”њв”Ђв”Ђ GGX88Ul-Regular.woff2
в”‚В В      в”‚В В  в”њв”Ђв”Ђ SymbolsNerdFont-Regular.woff
в”‚В В      в”‚В В  в”њв”Ђв”Ђ SymbolsNerdFont-Regular.woff2
в”‚В В      в”‚В В  в”њв”Ђв”Ђ SymbolsNerdFontMono-Regular.woff
в”‚В В      в”‚В В  в””в”Ђв”Ђ SymbolsNerdFontMono-Regular.woff2
в”‚В В      в”њв”Ђв”Ђ gallery.js
в”‚В В      в”њв”Ђв”Ђ img
в”‚В В      в”‚В В  в””в”Ђв”Ђ index.png
в”‚В В      в”њв”Ђв”Ђ mov
в”‚В В      в”‚В В  в”њв”Ђв”Ђ acne1.webm
в”‚В В      в”‚В В  в”њв”Ђв”Ђ acne2.webm
в”‚В В      в”‚В В  в”њв”Ђв”Ђ acne3.webm
в”‚В В      в”‚В В  в”њв”Ђв”Ђ acne4.webm
в”‚В В      в”‚В В  в”њв”Ђв”Ђ camper1.webm
в”‚В В      в”‚В В  в”њв”Ђв”Ђ camper2.webm
в”‚В В      в”‚В В  в”њв”Ђв”Ђ camper3.webm
в”‚В В      в”‚В В  в”њв”Ђв”Ђ compreelnu1.webm
в”‚В В      в”‚В В  в”њв”Ђв”Ђ compreelnu2.webm
в”‚В В      в”‚В В  в”њв”Ђв”Ђ gstar1.webm
в”‚В В      в”‚В В  в”њв”Ђв”Ђ gstar2.webm
в”‚В В      в”‚В В  в”њв”Ђв”Ђ gstar3.webm
в”‚В В      в”‚В В  в”њв”Ђв”Ђ gstar4.webm
в”‚В В      в”‚В В  в”њв”Ђв”Ђ marg1.webm
в”‚В В      в”‚В В  в”њв”Ђв”Ђ marg2.webm
в”‚В В      в”‚В В  в”њв”Ђв”Ђ mmxgm.webm
в”‚В В      в”‚В В  в”њв”Ђв”Ђ nthng.webm
в”‚В В      в”‚В В  в””в”Ђв”Ђ tricky.webm
в”‚В В      в””в”Ђв”Ђ nfo
в”‚В В          в””в”Ђв”Ђ cv.nfo
в”њв”Ђв”Ђ files.log
в”њв”Ђв”Ђ gallery.js
в”њв”Ђв”Ђ glsl-core.js
в”њв”Ђв”Ђ index.html
в”њв”Ђв”Ђ index.html.bak
в”њв”Ђв”Ђ jquery-3.1.1.min.js
в”њв”Ђв”Ђ lodash.js
в”њв”Ђв”Ђ manifest.json
в”њв”Ђв”Ђ modes
в”‚В В  в”њв”Ђв”Ђ mode-back.js
в”‚В В  в”њв”Ђв”Ђ mode-bedroom3.js
в”‚В В  в”њв”Ђв”Ђ mode-blackhole.js
в”‚В В  в”њв”Ђв”Ђ mode-cabin.js
в”‚В В  в”њв”Ђв”Ђ mode-darvaza.js
в”‚В В  в”њв”Ђв”Ђ mode-elevator.js
в”‚В В  в”њв”Ђв”Ђ mode-hell.js
в”‚В В  в”њв”Ђв”Ђ mode-left.js
в”‚В В  в”њв”Ђв”Ђ mode-left2.js
в”‚В В  в”њв”Ђв”Ђ mode-right.js
в”‚В В  в”њв”Ђв”Ђ mode-right2.js
в”‚В В  в”њв”Ђв”Ђ mode-station.js
в”‚В В  в”њв”Ђв”Ђ mode1.js
в”‚В В  в”њв”Ђв”Ђ mode2.js
в”‚В В  в”њв”Ђв”Ђ mode3.js
в”‚В В  в”њв”Ђв”Ђ mode4.js
в”‚В В  в”њв”Ђв”Ђ mode5.js
в”‚В В  в”њв”Ђв”Ђ mode6.js
в”‚В В  в”њв”Ђв”Ђ mode7.js
в”‚В В  в””в”Ђв”Ђ mode9.js
в”њв”Ђв”Ђ player.js
в”њв”Ђв”Ђ portfolio.html
в”њв”Ђв”Ђ prev.png
в”њв”Ђв”Ђ site-ui.js
в”њв”Ђв”Ђ test copy.html
в”њв”Ђв”Ђ test-crater.html
в”њв”Ђв”Ђ test.html
в”њв”Ђв”Ђ test3.html
в”њв”Ђв”Ђ todo.js
в””в”Ђв”Ђ videos.js

29 directories, 727 files
