[1.9K]  files/img
в”њв”Ђв”Ђ [ 33K]  002.jpg
в”њв”Ђв”Ђ [4.1M]  aerial-tp.png
в”њв”Ђв”Ђ [5.6M]  aerial.gif
в”њв”Ђв”Ђ [ 10M]  aerial.png
в”њв”Ђв”Ђ [371K]  agbutton.mp4
в”њв”Ђв”Ђ [ 17K]  attn.png
в”њв”Ђв”Ђ [ 50K]  bpp-6004.jpg
в”њв”Ђв”Ђ [688K]  buttin.jpg
в”њв”Ђв”Ђ [ 15K]  buttin.png
в”њв”Ђв”Ђ [643K]  deadcity.png
в”њв”Ђв”Ђ [4.7M]  distant.png
в”њв”Ђв”Ђ [ 44K]  djssdc.png
в”њв”Ђв”Ђ [ 33K]  engine.mode10.butterchurn.js
в”њв”Ђв”Ђ [172K]  enter button.png
в”њв”Ђв”Ђ [646K]  enter-button.png
в”њв”Ђв”Ђ [ 37K]  enter-transparency2.png
в”њв”Ђв”Ђ [ 86K]  enter.gif
в”њв”Ђв”Ђ [567K]  escbannerclick.png
в”њв”Ђв”Ђ [227K]  exiftool.img.log
в”њв”Ђв”Ђ [9.3K]  gallery
в”‚В В  в”њв”Ђв”Ђ [453K]  00001.webp
в”‚В В  в”њв”Ђв”Ђ [287K]  00002.webp
в”‚В В  в”њв”Ђв”Ђ [388K]  00003.webp
в”‚В В  в”њв”Ђв”Ђ [581K]  00004.webp
в”‚В В  в”њв”Ђв”Ђ [878K]  00005.webp
в”‚В В  в”њв”Ђв”Ђ [219K]  00006.webp
в”‚В В  в”њв”Ђв”Ђ [749K]  00007.webp
в”‚В В  в”њв”Ђв”Ђ [224K]  00008.webp
в”‚В В  в”њв”Ђв”Ђ [973K]  00009.webp
в”‚В В  в”њв”Ђв”Ђ [987K]  00010.webp
в”‚В В  в”њв”Ђв”Ђ [ 74K]  000100.webp
в”‚В В  в”њв”Ђв”Ђ [681K]  000101.webp
в”‚В В  в”њв”Ђв”Ђ [437K]  000102.webp
в”‚В В  в”њв”Ђв”Ђ [165K]  000103.webp
в”‚В В  в”њв”Ђв”Ђ [218K]  000104.webp
в”‚В В  в”њв”Ђв”Ђ [ 94K]  000105.webp
в”‚В В  в”њв”Ђв”Ђ [419K]  000106.webp
в”‚В В  в”њв”Ђв”Ђ [939K]  000107.webp
в”‚В В  в”њв”Ђв”Ђ [166K]  000108.webp
в”‚В В  в”њв”Ђв”Ђ [104K]  000109.webp
в”‚В В  в”њв”Ђв”Ђ [671K]  00011.webp
в”‚В В  в”њв”Ђв”Ђ [ 26K]  000110.webp
в”‚В В  в”њв”Ђв”Ђ [422K]  000111.webp
в”‚В В  в”њв”Ђв”Ђ [416K]  000112.webp
в”‚В В  в”њв”Ђв”Ђ [ 29K]  000113.webp
в”‚В В  в”њв”Ђв”Ђ [ 81K]  000114.webp
в”‚В В  в”њв”Ђв”Ђ [362K]  000115.webp
в”‚В В  в”њв”Ђв”Ђ [374K]  000116.webp
в”‚В В  в”њв”Ђв”Ђ [167K]  000117.webp
в”‚В В  в”њв”Ђв”Ђ [ 98K]  000118.webp
в”‚В В  в”њв”Ђв”Ђ [354K]  000119.webp
в”‚В В  в”њв”Ђв”Ђ [625K]  00012.webp
в”‚В В  в”њв”Ђв”Ђ [265K]  000120.webp
в”‚В В  в”њв”Ђв”Ђ [139K]  000121.webp
в”‚В В  в”њв”Ђв”Ђ [564K]  000122.webp
в”‚В В  в”њв”Ђв”Ђ [570K]  000123.webp
в”‚В В  в”њв”Ђв”Ђ [401K]  000124.webp
в”‚В В  в”њв”Ђв”Ђ [ 67K]  000125.webp
в”‚В В  в”њв”Ђв”Ђ [ 34K]  000126.webp
в”‚В В  в”њв”Ђв”Ђ [622K]  000127.webp
в”‚В В  в”њв”Ђв”Ђ [320K]  000128.webp
в”‚В В  в”њв”Ђв”Ђ [347K]  000129.webp
в”‚В В  в”њв”Ђв”Ђ [944K]  00013.webp
в”‚В В  в”њв”Ђв”Ђ [129K]  000130.webp
в”‚В В  в”њв”Ђв”Ђ [443K]  000131.webp
в”‚В В  в”њв”Ђв”Ђ [166K]  000132.webp
в”‚В В  в”њв”Ђв”Ђ [ 94K]  000133.webp
в”‚В В  в”њв”Ђв”Ђ [ 38K]  000134.webp
в”‚В В  в”њв”Ђв”Ђ [105K]  000135.webp
в”‚В В  в”њв”Ђв”Ђ [206K]  000136.webp
в”‚В В  в”њв”Ђв”Ђ [144K]  000137.webp
в”‚В В  в”њв”Ђв”Ђ [118K]  000138.webp
в”‚В В  в”њв”Ђв”Ђ [237K]  000139.webp
в”‚В В  в”њв”Ђв”Ђ [250K]  00014.webp
в”‚В В  в”њв”Ђв”Ђ [127K]  000140.webp
в”‚В В  в”њв”Ђв”Ђ [117K]  000141.webp
в”‚В В  в”њв”Ђв”Ђ [ 29K]  000142.webp
в”‚В В  в”њв”Ђв”Ђ [ 36K]  000143.webp
в”‚В В  в”њв”Ђв”Ђ [ 21K]  000144.webp
в”‚В В  в”њв”Ђв”Ђ [518K]  000145.webp
в”‚В В  в”њв”Ђв”Ђ [697K]  000146.webp
в”‚В В  в”њв”Ђв”Ђ [ 76K]  000147.webp
в”‚В В  в”њв”Ђв”Ђ [ 52K]  000148.webp
в”‚В В  в”њв”Ђв”Ђ [208K]  000149.webp
в”‚В В  в”њв”Ђв”Ђ [469K]  00015.webp
в”‚В В  в”њв”Ђв”Ђ [317K]  000150.webp
в”‚В В  в”њв”Ђв”Ђ [ 87K]  000151.webp
в”‚В В  в”њв”Ђв”Ђ [368K]  000152.webp
в”‚В В  в”њв”Ђв”Ђ [539K]  000153.webp
в”‚В В  в”њв”Ђв”Ђ [142K]  000154.webp
в”‚В В  в”њв”Ђв”Ђ [372K]  000155.webp
в”‚В В  в”њв”Ђв”Ђ [ 39K]  000156.webp
в”‚В В  в”њв”Ђв”Ђ [281K]  000157.webp
в”‚В В  в”њв”Ђв”Ђ [149K]  000158.webp
в”‚В В  в”њв”Ђв”Ђ [ 28K]  000159.webp
в”‚В В  в”њв”Ђв”Ђ [490K]  00016.webp
в”‚В В  в”њв”Ђв”Ђ [ 99K]  000160.webp
в”‚В В  в”њв”Ђв”Ђ [739K]  000161.webp
в”‚В В  в”њв”Ђв”Ђ [ 87K]  000162.webp
в”‚В В  в”њв”Ђв”Ђ [108K]  000163.webp
в”‚В В  в”њв”Ђв”Ђ [ 63K]  000164.webp
в”‚В В  в”њв”Ђв”Ђ [112K]  000165.webp
в”‚В В  в”њв”Ђв”Ђ [754K]  000166.webp
в”‚В В  в”њв”Ђв”Ђ [ 36K]  000167.webp
в”‚В В  в”њв”Ђв”Ђ [327K]  000168.webp
в”‚В В  в”њв”Ђв”Ђ [269K]  000169.webp
в”‚В В  в”њв”Ђв”Ђ [168K]  00017.webp
в”‚В В  в”њв”Ђв”Ђ [447K]  000170.webp
в”‚В В  в”њв”Ђв”Ђ [119K]  000171.webp
в”‚В В  в”њв”Ђв”Ђ [ 44K]  000172.webp
в”‚В В  в”њв”Ђв”Ђ [237K]  000173.webp
в”‚В В  в”њв”Ђв”Ђ [ 66K]  000174.webp
в”‚В В  в”њв”Ђв”Ђ [160K]  000175.webp
в”‚В В  в”њв”Ђв”Ђ [124K]  000176.webp
в”‚В В  в”њв”Ђв”Ђ [109K]  000177.webp
в”‚В В  в”њв”Ђв”Ђ [296K]  000178.webp
в”‚В В  в”њв”Ђв”Ђ [ 78K]  000179.webp
в”‚В В  в”њв”Ђв”Ђ [386K]  00018.webp
в”‚В В  в”њв”Ђв”Ђ [131K]  000180.webp
в”‚В В  в”њв”Ђв”Ђ [159K]  000181.webp
в”‚В В  в”њв”Ђв”Ђ [579K]  000182.webp
в”‚В В  в”њв”Ђв”Ђ [391K]  000183.webp
в”‚В В  в”њв”Ђв”Ђ [375K]  000184.webp
в”‚В В  в”њв”Ђв”Ђ [263K]  000185.webp
в”‚В В  в”њв”Ђв”Ђ [169K]  000186.webp
в”‚В В  в”њв”Ђв”Ђ [632K]  000187.webp
в”‚В В  в”њв”Ђв”Ђ [145K]  000188.webp
в”‚В В  в”њв”Ђв”Ђ [697K]  000189.webp
в”‚В В  в”њв”Ђв”Ђ [512K]  00019.webp
в”‚В В  в”њв”Ђв”Ђ [143K]  000190.webp
в”‚В В  в”њв”Ђв”Ђ [234K]  000191.webp
в”‚В В  в”њв”Ђв”Ђ [227K]  000192.webp
в”‚В В  в”њв”Ђв”Ђ [142K]  000193.webp
в”‚В В  в”њв”Ђв”Ђ [1.5M]  000194.webp
в”‚В В  в”њв”Ђв”Ђ [152K]  000195.webp
в”‚В В  в”њв”Ђв”Ђ [379K]  000196.webp
в”‚В В  в”њв”Ђв”Ђ [ 41K]  000197.webp
в”‚В В  в”њв”Ђв”Ђ [ 26K]  000198.webp
в”‚В В  в”њв”Ђв”Ђ [153K]  000199.webp
в”‚В В  в”њв”Ђв”Ђ [185K]  00020.webp
в”‚В В  в”њв”Ђв”Ђ [140K]  000200.webp
в”‚В В  в”њв”Ђв”Ђ [591K]  000201.webp
в”‚В В  в”њв”Ђв”Ђ [259K]  000202.webp
в”‚В В  в”њв”Ђв”Ђ [254K]  000203.webp
в”‚В В  в”њв”Ђв”Ђ [342K]  000204.webp
в”‚В В  в”њв”Ђв”Ђ [219K]  000205.webp
в”‚В В  в”њв”Ђв”Ђ [624K]  000206.webp
в”‚В В  в”њв”Ђв”Ђ [125K]  000207.webp
в”‚В В  в”њв”Ђв”Ђ [261K]  000208.webp
в”‚В В  в”њв”Ђв”Ђ [216K]  000209.webp
в”‚В В  в”њв”Ђв”Ђ [233K]  00021.webp
в”‚В В  в”њв”Ђв”Ђ [225K]  000210.webp
в”‚В В  в”њв”Ђв”Ђ [211K]  000211.webp
в”‚В В  в”њв”Ђв”Ђ [573K]  000212.webp
в”‚В В  в”њв”Ђв”Ђ [239K]  000213.webp
в”‚В В  в”њв”Ђв”Ђ [162K]  000214.webp
в”‚В В  в”њв”Ђв”Ђ [247K]  000215.webp
в”‚В В  в”њв”Ђв”Ђ [201K]  000216.webp
в”‚В В  в”њв”Ђв”Ђ [319K]  000217.webp
в”‚В В  в”њв”Ђв”Ђ [202K]  000218.webp
в”‚В В  в”њв”Ђв”Ђ [342K]  000219.webp
в”‚В В  в”њв”Ђв”Ђ [240K]  00022.webp
в”‚В В  в”њв”Ђв”Ђ [334K]  000220.webp
в”‚В В  в”њв”Ђв”Ђ [480K]  000221.webp
в”‚В В  в”њв”Ђв”Ђ [300K]  000222.webp
в”‚В В  в”њв”Ђв”Ђ [310K]  000223.webp
в”‚В В  в”њв”Ђв”Ђ [409K]  000224.webp
в”‚В В  в”њв”Ђв”Ђ [232K]  000225.webp
в”‚В В  в”њв”Ђв”Ђ [363K]  000226.webp
в”‚В В  в”њв”Ђв”Ђ [158K]  000227.webp
в”‚В В  в”њв”Ђв”Ђ [362K]  000228.webp
в”‚В В  в”њв”Ђв”Ђ [196K]  000229.webp
в”‚В В  в”њв”Ђв”Ђ [336K]  00023.webp
в”‚В В  в”њв”Ђв”Ђ [576K]  000230.webp
в”‚В В  в”њв”Ђв”Ђ [452K]  000231.webp
в”‚В В  в”њв”Ђв”Ђ [419K]  000232.webp
в”‚В В  в”њв”Ђв”Ђ [383K]  000233.webp
в”‚В В  в”њв”Ђв”Ђ [ 97K]  000234.webp
в”‚В В  в”њв”Ђв”Ђ [231K]  000235.webp
в”‚В В  в”њв”Ђв”Ђ [ 81K]  000236.webp
в”‚В В  в”њв”Ђв”Ђ [220K]  000237.webp
в”‚В В  в”њв”Ђв”Ђ [219K]  000238.webp
в”‚В В  в”њв”Ђв”Ђ [ 57K]  000239.webp
в”‚В В  в”њв”Ђв”Ђ [137K]  00024.webp
в”‚В В  в”њв”Ђв”Ђ [107K]  000240.webp
в”‚В В  в”њв”Ђв”Ђ [ 99K]  000241.webp
в”‚В В  в”њв”Ђв”Ђ [ 89K]  000242.webp
в”‚В В  в”њв”Ђв”Ђ [136K]  000243.webp
в”‚В В  в”њв”Ђв”Ђ [ 75K]  000244.webp
в”‚В В  в”њв”Ђв”Ђ [451K]  000245.webp
в”‚В В  в”њв”Ђв”Ђ [148K]  000246.webp
в”‚В В  в”њв”Ђв”Ђ [ 38K]  000247.webp
в”‚В В  в”њв”Ђв”Ђ [532K]  000248.webp
в”‚В В  в”њв”Ђв”Ђ [242K]  000249.webp
в”‚В В  в”њв”Ђв”Ђ [144K]  00025.webp
в”‚В В  в”њв”Ђв”Ђ [205K]  000250.webp
в”‚В В  в”њв”Ђв”Ђ [336K]  000251.webp
в”‚В В  в”њв”Ђв”Ђ [207K]  000252.webp
в”‚В В  в”њв”Ђв”Ђ [301K]  000253.webp
в”‚В В  в”њв”Ђв”Ђ [320K]  000254.webp
в”‚В В  в”њв”Ђв”Ђ [558K]  000255.webp
в”‚В В  в”њв”Ђв”Ђ [160K]  000256.webp
в”‚В В  в”њв”Ђв”Ђ [ 69K]  000257.webp
в”‚В В  в”њв”Ђв”Ђ [656K]  000258.webp
в”‚В В  в”њв”Ђв”Ђ [791K]  000259.webp
в”‚В В  в”њв”Ђв”Ђ [192K]  00026.webp
в”‚В В  в”њв”Ђв”Ђ [143K]  000260.webp
в”‚В В  в”њв”Ђв”Ђ [368K]  000261.webp
в”‚В В  в”њв”Ђв”Ђ [511K]  000262.webp
в”‚В В  в”њв”Ђв”Ђ [227K]  000263.webp
в”‚В В  в”њв”Ђв”Ђ [186K]  000264.webp
в”‚В В  в”њв”Ђв”Ђ [510K]  000265.webp
в”‚В В  в”њв”Ђв”Ђ [470K]  000266.webp
в”‚В В  в”њв”Ђв”Ђ [462K]  000267.webp
в”‚В В  в”њв”Ђв”Ђ [1.3M]  000268.webp
в”‚В В  в”њв”Ђв”Ђ [705K]  000269.webp
в”‚В В  в”њв”Ђв”Ђ [ 67K]  00027.webp
в”‚В В  в”њв”Ђв”Ђ [188K]  000270.webp
в”‚В В  в”њв”Ђв”Ђ [796K]  000271.webp
в”‚В В  в”њв”Ђв”Ђ [ 94K]  000272.webp
в”‚В В  в”њв”Ђв”Ђ [279K]  000273.webp
в”‚В В  в”њв”Ђв”Ђ [107K]  000277.webp
в”‚В В  в”њв”Ђв”Ђ [549K]  000278.webp
в”‚В В  в”њв”Ђв”Ђ [454K]  000279.webp
в”‚В В  в”њв”Ђв”Ђ [285K]  00028.webp
в”‚В В  в”њв”Ђв”Ђ [645K]  000280.webp
в”‚В В  в”њв”Ђв”Ђ [166K]  000281.webp
в”‚В В  в”њв”Ђв”Ђ [269K]  000282.webp
в”‚В В  в”њв”Ђв”Ђ [1.1M]  000283.webp
в”‚В В  в”њв”Ђв”Ђ [920K]  000284.webp
в”‚В В  в”њв”Ђв”Ђ [264K]  000285.webp
в”‚В В  в”њв”Ђв”Ђ [356K]  000286.webp
в”‚В В  в”њв”Ђв”Ђ [240K]  000287.webp
в”‚В В  в”њв”Ђв”Ђ [110K]  000288.webp
в”‚В В  в”њв”Ђв”Ђ [123K]  000289.webp
в”‚В В  в”њв”Ђв”Ђ [319K]  00029.webp
в”‚В В  в”њв”Ђв”Ђ [ 41K]  000290.webp
в”‚В В  в”њв”Ђв”Ђ [ 58K]  000291.webp
в”‚В В  в”њв”Ђв”Ђ [ 73K]  000292.webp
в”‚В В  в”њв”Ђв”Ђ [ 56K]  000293.webp
в”‚В В  в”њв”Ђв”Ђ [ 91K]  000294.webp
в”‚В В  в”њв”Ђв”Ђ [ 65K]  000295.webp
в”‚В В  в”њв”Ђв”Ђ [ 86K]  000296.webp
в”‚В В  в”њв”Ђв”Ђ [267K]  000297.webp
в”‚В В  в”њв”Ђв”Ђ [954K]  000298.webp
в”‚В В  в”њв”Ђв”Ђ [350K]  000299.webp
в”‚В В  в”њв”Ђв”Ђ [183K]  00030.webp
в”‚В В  в”њв”Ђв”Ђ [213K]  00031.webp
в”‚В В  в”њв”Ђв”Ђ [171K]  00032.webp
в”‚В В  в”њв”Ђв”Ђ [ 19K]  00033.webp
в”‚В В  в”њв”Ђв”Ђ [312K]  00034.webp
в”‚В В  в”њв”Ђв”Ђ [170K]  00035.webp
в”‚В В  в”њв”Ђв”Ђ [111K]  00036.webp
в”‚В В  в”њв”Ђв”Ђ [628K]  00037.webp
в”‚В В  в”њв”Ђв”Ђ [288K]  00038.webp
в”‚В В  в”њв”Ђв”Ђ [372K]  00039.webp
в”‚В В  в”њв”Ђв”Ђ [242K]  00040.webp
в”‚В В  в”њв”Ђв”Ђ [672K]  00041.webp
в”‚В В  в”њв”Ђв”Ђ [184K]  00042.webp
в”‚В В  в”њв”Ђв”Ђ [509K]  00043.webp
в”‚В В  в”њв”Ђв”Ђ [132K]  00044.webp
в”‚В В  в”њв”Ђв”Ђ [422K]  00045.webp
в”‚В В  в”њв”Ђв”Ђ [144K]  00046.webp
в”‚В В  в”њв”Ђв”Ђ [229K]  00047.webp
в”‚В В  в”њв”Ђв”Ђ [236K]  00048.webp
в”‚В В  в”њв”Ђв”Ђ [344K]  00049.webp
в”‚В В  в”њв”Ђв”Ђ [265K]  00050.webp
в”‚В В  в”њв”Ђв”Ђ [306K]  00051.webp
в”‚В В  в”њв”Ђв”Ђ [ 57K]  00052.webp
в”‚В В  в”њв”Ђв”Ђ [480K]  00053.webp
в”‚В В  в”њв”Ђв”Ђ [488K]  00054.webp
в”‚В В  в”њв”Ђв”Ђ [104K]  00055.webp
в”‚В В  в”њв”Ђв”Ђ [557K]  00056.webp
в”‚В В  в”њв”Ђв”Ђ [670K]  00057.webp
в”‚В В  в”њв”Ђв”Ђ [265K]  00058.webp
в”‚В В  в”њв”Ђв”Ђ [395K]  00059.webp
в”‚В В  в”њв”Ђв”Ђ [205K]  00060.webp
в”‚В В  в”њв”Ђв”Ђ [ 45K]  00061.webp
в”‚В В  в”њв”Ђв”Ђ [410K]  00062.webp
в”‚В В  в”њв”Ђв”Ђ [219K]  00063.webp
в”‚В В  в”њв”Ђв”Ђ [495K]  00064.webp
в”‚В В  в”њв”Ђв”Ђ [300K]  00065.webp
в”‚В В  в”њв”Ђв”Ђ [124K]  00066.webp
в”‚В В  в”њв”Ђв”Ђ [309K]  00067.webp
в”‚В В  в”њв”Ђв”Ђ [439K]  00068.webp
в”‚В В  в”њв”Ђв”Ђ [251K]  00069.webp
в”‚В В  в”њв”Ђв”Ђ [204K]  00070.webp
в”‚В В  в”њв”Ђв”Ђ [293K]  00071.webp
в”‚В В  в”њв”Ђв”Ђ [230K]  00072.webp
в”‚В В  в”њв”Ђв”Ђ [502K]  00073.webp
в”‚В В  в”њв”Ђв”Ђ [ 68K]  00074.webp
в”‚В В  в”њв”Ђв”Ђ [ 77K]  00075.webp
в”‚В В  в”њв”Ђв”Ђ [348K]  00076.webp
в”‚В В  в”њв”Ђв”Ђ [315K]  00077.webp
в”‚В В  в”њв”Ђв”Ђ [ 95K]  00078.webp
в”‚В В  в”њв”Ђв”Ђ [282K]  00079.webp
в”‚В В  в”њв”Ђв”Ђ [ 60K]  00080.webp
в”‚В В  в”њв”Ђв”Ђ [282K]  00081.webp
в”‚В В  в”њв”Ђв”Ђ [496K]  00082.webp
в”‚В В  в”њв”Ђв”Ђ [456K]  00083.webp
в”‚В В  в”њв”Ђв”Ђ [290K]  00084.webp
в”‚В В  в”њв”Ђв”Ђ [225K]  00085.webp
в”‚В В  в”њв”Ђв”Ђ [164K]  00086.webp
в”‚В В  в”њв”Ђв”Ђ [175K]  00087.webp
в”‚В В  в”њв”Ђв”Ђ [ 59K]  00088.webp
в”‚В В  в”њв”Ђв”Ђ [128K]  00089.webp
в”‚В В  в”њв”Ђв”Ђ [638K]  00090.webp
в”‚В В  в”њв”Ђв”Ђ [306K]  00091.webp
в”‚В В  в”њв”Ђв”Ђ [568K]  00092.webp
в”‚В В  в”њв”Ђв”Ђ [274K]  00093.webp
в”‚В В  в”њв”Ђв”Ђ [556K]  00094.webp
в”‚В В  в”њв”Ђв”Ђ [ 44K]  00095.webp
в”‚В В  в”њв”Ђв”Ђ [206K]  00096.webp
в”‚В В  в”њв”Ђв”Ђ [ 97K]  00097.webp
в”‚В В  в”њв”Ђв”Ђ [227K]  00098.webp
в”‚В В  в””в”Ђв”Ђ [273K]  00099.webp
в”њв”Ђв”Ђ [684K]  hands copy.png
в”њв”Ђв”Ђ [ 15M]  hands.png
в”њв”Ђв”Ђ [662K]  img_8106 copy.jpg
в”њв”Ђв”Ђ [ 15K]  index-inv.png
в”њв”Ђв”Ђ [ 15K]  index.png
в”њв”Ђв”Ђ [ 47K]  itp.jpg
в”њв”Ђв”Ђ [ 14K]  key008.jpg
в”њв”Ђв”Ђ [ 384]  load
в”‚В В  в”њв”Ђв”Ђ [1.5M]  load.gif
в”‚В В  в”њв”Ђв”Ђ [3.1M]  load.png
в”‚В В  в”њв”Ђв”Ђ [675K]  loading1.jpg
в”‚В В  в”њв”Ђв”Ђ [1.4M]  loading2.jpg
в”‚В В  в”њв”Ђв”Ђ [1.7M]  loading3.jpg
в”‚В В  в”њв”Ђв”Ђ [2.3M]  loading4.jpg
в”‚В В  в”њв”Ђв”Ђ [663K]  loading5.jpg
в”‚В В  в”њв”Ђв”Ђ [1.2M]  loading6.jpg
в”‚В В  в””в”Ђв”Ђ [1.2M]  loading7.png
в”њв”Ђв”Ђ [1.5M]  load 2.gif
в”њв”Ђв”Ђ [1.5M]  load.gif
в”њв”Ђв”Ђ [5.7M]  mansoncave.jpg
в”њв”Ђв”Ђ [320K]  me.jpg
в”њв”Ђв”Ђ [ 33K]  minicdr-small.png
в”њв”Ђв”Ђ [1.2M]  mirror back.png
в”њв”Ђв”Ђ [979K]  mirror.png
в”њв”Ђв”Ђ [2.7M]  mirrorv1.png
в”њв”Ђв”Ђ [2.7M]  mirrorv2.png
в”њв”Ђв”Ђ [2.7M]  mirrorv3.png
в”њв”Ђв”Ђ [ 38K]  na.jpg
в”њв”Ђв”Ђ [ 64K]  nr.png
в”њв”Ђв”Ђ [2.4M]  obs.jpg
в”њв”Ђв”Ђ [3.2M]  ocean.jpg
в”њв”Ђв”Ђ [ 30K]  ph008.jpg
в”њв”Ђв”Ђ [153K]  preview.png
в”њв”Ђв”Ђ [ 37K]  recycled.jpg
в”њв”Ђв”Ђ [ 128]  rooms
в”‚В В  в”њв”Ђв”Ђ [1.2M]  left-mobile.png
в”‚В В  в””в”Ђв”Ђ [1.1M]  right-mobile.png
в”њв”Ђв”Ђ [ 64K]  tb207.jpg
в”њв”Ђв”Ђ [7.5M]  tour.jpg
в”њв”Ђв”Ђ [ 27K]  unix666-12.jpg
в”њв”Ђв”Ђ [ 20K]  unix666-13.jpg
в”њв”Ђв”Ђ [ 29K]  unix666-14.jpg
в”њв”Ђв”Ђ [ 29K]  unix666-16.jpg
в”њв”Ђв”Ђ [ 22K]  unix666-17.jpg
в”њв”Ђв”Ђ [ 26K]  unix666-18.jpg
в”њв”Ђв”Ђ [ 46K]  unix66605.jpg
в”њв”Ђв”Ђ [ 34K]  unix66606.jpeg
в”њв”Ђв”Ђ [ 78K]  unix66620.jpg
в””в”Ђв”Ђ [ 928]  void
    в”њв”Ђв”Ђ [3.0M]  across.png
    в”њв”Ђв”Ђ [2.2M]  building01.png
    в”њв”Ђв”Ђ [1.1M]  building02.png
    в”њв”Ђв”Ђ [1.5M]  building03.png
    в”њв”Ђв”Ђ [3.8M]  building04.png
    в”њв”Ђв”Ђ [4.2M]  building05.png
    в”њв”Ђв”Ђ [1.9M]  building06.png
    в”њв”Ђв”Ђ [1.9M]  building07.png
    в”њв”Ђв”Ђ [2.6M]  building08.png
    в”њв”Ђв”Ђ [2.4M]  building09.png
    в”њв”Ђв”Ђ [3.0M]  canalport-mask.png
    в”њв”Ђв”Ђ [2.1M]  gorebuilding01.png
    в”њв”Ђв”Ђ [382K]  gorebuilding02.png
    в”њв”Ђв”Ђ [380K]  gorebuilding03.png
    в”њв”Ђв”Ђ [ 10M]  goresky.jpg
    в”њв”Ђв”Ђ [526K]  goresky.png
    в”њв”Ђв”Ђ [ 25K]  gorewater.jpg
    в”њв”Ђв”Ђ [ 25K]  gorewater.png
    в”њв”Ђв”Ђ [1.9M]  hellbuilding1.png
    в”њв”Ђв”Ђ [1.5M]  hellbuilding2.png
    в”њв”Ђв”Ђ [128K]  hellsky.jpg
    в”њв”Ђв”Ђ [3.5M]  oob-mask.png
    в”њв”Ђв”Ђ [ 15M]  panorama-mask.png
    в”њв”Ђв”Ђ [ 32M]  panorama.png
    в”њв”Ђв”Ђ [2.6M]  skyline.png
    в””в”Ђв”Ђ [2.6M]  skyline2.png

5 directories, 387 files
