[1.9K]  files/mov
в”њв”Ђв”Ђ [645K]  acne1.mp4
в”њв”Ђв”Ђ [633K]  acne1.webm
в”њв”Ђв”Ђ [1.5M]  acne2.mp4
в”њв”Ђв”Ђ [1.3M]  acne2.webm
в”њв”Ђв”Ђ [1.5M]  acne3.mp4
в”њв”Ђв”Ђ [1.4M]  acne3.webm
в”њв”Ђв”Ђ [1.8M]  acne4.mp4
в”њв”Ђв”Ђ [1.6M]  acne4.webm
в”њв”Ђв”Ђ [1.7M]  agbutton.gif
в”њв”Ђв”Ђ [ 97K]  bh2.webm
в”њв”Ђв”Ђ [1.9M]  camper1.mp4
в”њв”Ђв”Ђ [1.7M]  camper1.webm
в”њв”Ђв”Ђ [2.8M]  camper2.mp4
в”њв”Ђв”Ђ [2.5M]  camper2.webm
в”њв”Ђв”Ђ [3.2M]  camper3.mp4
в”њв”Ђв”Ђ [2.7M]  camper3.webm
в”њв”Ђв”Ђ [ 16M]  chemlove.mp4
в”њв”Ђв”Ђ [ 23M]  chemlove.webm
в”њв”Ђв”Ђ [ 11M]  compreelnu1.mp4
в”њв”Ђв”Ђ [8.2M]  compreelnu1.webm
в”њв”Ђв”Ђ [ 12M]  compreelnu2.mp4
в”њв”Ђв”Ђ [9.2M]  compreelnu2.webm
в”њв”Ђв”Ђ [ 25M]  earth.webm
в”њв”Ђв”Ђ [ 24K]  exiftool.mov.log
в”њв”Ђв”Ђ [ 11M]  fly.webm
в”њв”Ђв”Ђ [4.4M]  forcedenlightenment.mp4
в”њв”Ђв”Ђ [ 13M]  forcedenlightenment.webm
в”њв”Ђв”Ђ [4.5M]  grate.mp4
в”њв”Ђв”Ђ [6.2M]  grate.webm
в”њв”Ђв”Ђ [1.4M]  gstar1.mp4
в”њв”Ђв”Ђ [1.2M]  gstar1.webm
в”њв”Ђв”Ђ [1.6M]  gstar2.mp4
в”њв”Ђв”Ђ [1.5M]  gstar2.webm
в”њв”Ђв”Ђ [1.6M]  gstar3.mp4
в”њв”Ђв”Ђ [1.3M]  gstar3.webm
в”њв”Ђв”Ђ [1.6M]  gstar4.mp4
в”њв”Ђв”Ђ [1.5M]  gstar4.webm
в”њв”Ђв”Ђ [ 41M]  indexmov.gif
в”њв”Ђв”Ђ [2.4M]  lotusmotel.mp4
в”њв”Ђв”Ђ [2.2M]  lotusmotel.webm
в”њв”Ђв”Ђ [ 576]  mapped
в”‚В В  в”њв”Ђв”Ђ [4.0M]  albionhouse.webm
в”‚В В  в”њв”Ђв”Ђ [1.3M]  chemlove.webm
в”‚В В  в”њв”Ђв”Ђ [2.1M]  crywolf.webm
в”‚В В  в”њв”Ђв”Ђ [200K]  emptybottle.webm
в”‚В В  в”њв”Ђв”Ђ [870K]  forcedenlightenment_1.webm
в”‚В В  в”њв”Ђв”Ђ [813K]  forcedenlightenment_2.webm
в”‚В В  в”њв”Ђв”Ђ [6.2M]  grate.webm
в”‚В В  в”њв”Ђв”Ђ [2.2M]  lotusmotel.webm
в”‚В В  в”њв”Ђв”Ђ [2.6M]  mattlistendarkenlightenmenttrack.webm
в”‚В В  в”њв”Ђв”Ђ [245K]  smtiaie.webm
в”‚В В  в”њв”Ђв”Ђ [1.1M]  thom_1.webm
в”‚В В  в”њв”Ђв”Ђ [1.1M]  thom_2.webm
в”‚В В  в”њв”Ђв”Ђ [2.9M]  untitled.webm
в”‚В В  в”њв”Ђв”Ђ [909K]  uwmadison.webm
в”‚В В  в”њв”Ђв”Ђ [454K]  yfpmms.webm
в”‚В В  в””в”Ђв”Ђ [266K]  z-1.webm
в”њв”Ђв”Ђ [2.4M]  marg1.mp4
в”њв”Ђв”Ђ [2.0M]  marg1.webm
в”њв”Ђв”Ђ [2.6M]  marg2.mp4
в”њв”Ђв”Ђ [2.0M]  marg2.webm
в”њв”Ђв”Ђ [5.0M]  mmxgm.mp4
в”њв”Ђв”Ђ [3.1M]  mmxgm.webm
в”њв”Ђв”Ђ [2.7M]  nthng.mp4
в”њв”Ђв”Ђ [2.9M]  nthng.webm
в”њв”Ђв”Ђ [ 128]  RESCALED
в”‚В В  в”њв”Ђв”Ђ [ 53M]  chemlove.mp4
в”‚В В  в””в”Ђв”Ђ [ 30M]  forcedenlightenment.mp4
в”њв”Ђв”Ђ [4.8M]  smtiaie.mp4
в”њв”Ђв”Ђ [ 43M]  smtiaie.webm
в”њв”Ђв”Ђ [1.7M]  tricky.mp4
в”њв”Ђв”Ђ [1.2M]  tricky.webm
в”њв”Ђв”Ђ [3.3M]  untitled.mp4
в”њв”Ђв”Ђ [2.9M]  untitled.webm
в”њв”Ђв”Ђ [ 901]  vid.sh
в”њв”Ђв”Ђ [3.1M]  yfpmms.mp4
в””в”Ђв”Ђ [ 40M]  yfpmms.webm

3 directories, 75 files
