[       9568]  files/img/gallery
├── [     464374]  00001.webp
├── [     294324]  00002.webp
├── [     397770]  00003.webp
├── [     595436]  00004.webp
├── [     898588]  00005.webp
├── [     224212]  00006.webp
├── [     766810]  00007.webp
├── [     229212]  00008.webp
├── [     996328]  00009.webp
├── [    1010546]  00010.webp
├── [      75584]  000100.webp
├── [     697826]  000101.webp
├── [     447310]  000102.webp
├── [     168662]  000103.webp
├── [     223384]  000104.webp
├── [      95768]  000105.webp
├── [     429554]  000106.webp
├── [     961094]  000107.webp
├── [     169972]  000108.webp
├── [     106866]  000109.webp
├── [     687426]  00011.webp
├── [      26238]  000110.webp
├── [     431702]  000111.webp
├── [     425790]  000112.webp
├── [      29738]  000113.webp
├── [      82926]  000114.webp
├── [     370198]  000115.webp
├── [     383278]  000116.webp
├── [     170678]  000117.webp
├── [     100464]  000118.webp
├── [     362578]  000119.webp
├── [     639724]  00012.webp
├── [     271536]  000120.webp
├── [     142534]  000121.webp
├── [     577044]  000122.webp
├── [     584068]  000123.webp
├── [     410868]  000124.webp
├── [      68276]  000125.webp
├── [      34466]  000126.webp
├── [     636742]  000127.webp
├── [     327236]  000128.webp
├── [     355078]  000129.webp
├── [     966268]  00013.webp
├── [     132174]  000130.webp
├── [     453774]  000131.webp
├── [     169728]  000132.webp
├── [      96598]  000133.webp
├── [      38526]  000134.webp
├── [     107546]  000135.webp
├── [     211336]  000136.webp
├── [     147560]  000137.webp
├── [     120882]  000138.webp
├── [     242684]  000139.webp
├── [     256498]  00014.webp
├── [     130206]  000140.webp
├── [     119684]  000141.webp
├── [      30074]  000142.webp
├── [      36472]  000143.webp
├── [      21412]  000144.webp
├── [     530596]  000145.webp
├── [     713640]  000146.webp
├── [      77650]  000147.webp
├── [      53712]  000148.webp
├── [     212808]  000149.webp
├── [     480574]  00015.webp
├── [     325108]  000150.webp
├── [      88676]  000151.webp
├── [     377064]  000152.webp
├── [     552152]  000153.webp
├── [     144960]  000154.webp
├── [     381202]  000155.webp
├── [      40282]  000156.webp
├── [     287730]  000157.webp
├── [     152236]  000158.webp
├── [      28472]  000159.webp
├── [     502024]  00016.webp
├── [     101670]  000160.webp
├── [     756878]  000161.webp
├── [      88862]  000162.webp
├── [     110606]  000163.webp
├── [      64336]  000164.webp
├── [     114354]  000165.webp
├── [     772102]  000166.webp
├── [      36478]  000167.webp
├── [     334876]  000168.webp
├── [     275920]  000169.webp
├── [     172056]  00017.webp
├── [     457490]  000170.webp
├── [     121520]  000171.webp
├── [      45412]  000172.webp
├── [     242948]  000173.webp
├── [      67960]  000174.webp
├── [     164038]  000175.webp
├── [     127186]  000176.webp
├── [     111338]  000177.webp
├── [     303468]  000178.webp
├── [      79858]  000179.webp
├── [     395204]  00018.webp
├── [     134048]  000180.webp
├── [     162486]  000181.webp
├── [     592738]  000182.webp
├── [     400568]  000183.webp
├── [     384402]  000184.webp
├── [     269228]  000185.webp
├── [     173534]  000186.webp
├── [     647186]  000187.webp
├── [     148480]  000188.webp
├── [     713662]  000189.webp
├── [     524062]  00019.webp
├── [     146706]  000190.webp
├── [     239314]  000191.webp
├── [     232352]  000192.webp
├── [     145098]  000193.webp
├── [    1593650]  000194.webp
├── [     155582]  000195.webp
├── [     388214]  000196.webp
├── [      42124]  000197.webp
├── [      26750]  000198.webp
├── [     156274]  000199.webp
├── [     189136]  00020.webp
├── [     143698]  000200.webp
├── [     605130]  000201.webp
├── [     265442]  000202.webp
├── [     260470]  000203.webp
├── [     350102]  000204.webp
├── [     224540]  000205.webp
├── [     639420]  000206.webp
├── [     127836]  000207.webp
├── [     267380]  000208.webp
├── [     221094]  000209.webp
├── [     239084]  00021.webp
├── [     230070]  000210.webp
├── [     215586]  000211.webp
├── [     586668]  000212.webp
├── [     244936]  000213.webp
├── [     165578]  000214.webp
├── [     252884]  000215.webp
├── [     205564]  000216.webp
├── [     327154]  000217.webp
├── [     206404]  000218.webp
├── [     349942]  000219.webp
├── [     245890]  00022.webp
├── [     342140]  000220.webp
├── [     491726]  000221.webp
├── [     306768]  000222.webp
├── [     317554]  000223.webp
├── [     418826]  000224.webp
├── [     237408]  000225.webp
├── [     372176]  000226.webp
├── [     162138]  000227.webp
├── [     371034]  000228.webp
├── [     200752]  000229.webp
├── [     344400]  00023.webp
├── [     589436]  000230.webp
├── [     462450]  000231.webp
├── [     429006]  000232.webp
├── [     392572]  000233.webp
├── [      98894]  000234.webp
├── [     236336]  000235.webp
├── [      82462]  000236.webp
├── [     225738]  000237.webp
├── [     224348]  000238.webp
├── [      58710]  000239.webp
├── [     139834]  00024.webp
├── [     109922]  000240.webp
├── [     101062]  000241.webp
├── [      91388]  000242.webp
├── [     139612]  000243.webp
├── [      77182]  000244.webp
├── [     461952]  000245.webp
├── [     151212]  000246.webp
├── [      38604]  000247.webp
├── [     544406]  000248.webp
├── [     247566]  000249.webp
├── [     147346]  00025.webp
├── [     209640]  000250.webp
├── [     343688]  000251.webp
├── [     212374]  000252.webp
├── [     308680]  000253.webp
├── [     327800]  000254.webp
├── [     571794]  000255.webp
├── [     164330]  000256.webp
├── [      70916]  000257.webp
├── [     671510]  000258.webp
├── [     809728]  000259.webp
├── [     196162]  00026.webp
├── [     146316]  000260.webp
├── [     376336]  000261.webp
├── [     523442]  000262.webp
├── [     231944]  000263.webp
├── [     190570]  000264.webp
├── [     522340]  000265.webp
├── [     481148]  000266.webp
├── [     473322]  000267.webp
├── [    1325326]  000268.webp
├── [     721864]  000269.webp
├── [      68148]  00027.webp
├── [     192630]  000270.webp
├── [     815208]  000271.webp
├── [      96744]  000272.webp
├── [     285296]  000273.webp
├── [     109864]  000277.webp
├── [     561734]  000278.webp
├── [     464770]  000279.webp
├── [     291770]  00028.webp
├── [     660608]  000280.webp
├── [     170476]  000281.webp
├── [     275436]  000282.webp
├── [    1180724]  000283.webp
├── [     941988]  000284.webp
├── [     270808]  000285.webp
├── [     364064]  000286.webp
├── [     245490]  000287.webp
├── [     112700]  000288.webp
├── [     125646]  000289.webp
├── [     326420]  00029.webp
├── [      41626]  000290.webp
├── [      59670]  000291.webp
├── [      74570]  000292.webp
├── [      57582]  000293.webp
├── [      93640]  000294.webp
├── [      66368]  000295.webp
├── [      87834]  000296.webp
├── [     273752]  000297.webp
├── [     977108]  000298.webp
├── [     358326]  000299.webp
├── [     187822]  00030.webp
├── [     218122]  00031.webp
├── [     174952]  00032.webp
├── [      19334]  00033.webp
├── [     319748]  00034.webp
├── [     173764]  00035.webp
├── [     114144]  00036.webp
├── [     643540]  00037.webp
├── [     294510]  00038.webp
├── [     381002]  00039.webp
├── [     248108]  00040.webp
├── [     687772]  00041.webp
├── [     188826]  00042.webp
├── [     521064]  00043.webp
├── [     135198]  00044.webp
├── [     431750]  00045.webp
├── [     147500]  00046.webp
├── [     234324]  00047.webp
├── [     241812]  00048.webp
├── [     352004]  00049.webp
├── [     271400]  00050.webp
├── [     313164]  00051.webp
├── [      58486]  00052.webp
├── [     491912]  00053.webp
├── [     499580]  00054.webp
├── [     106690]  00055.webp
├── [     570536]  00056.webp
├── [     686554]  00057.webp
├── [     271864]  00058.webp
├── [     404008]  00059.webp
├── [     209992]  00060.webp
├── [      46514]  00061.webp
├── [     420206]  00062.webp
├── [     224632]  00063.webp
├── [     506580]  00064.webp
├── [     307594]  00065.webp
├── [     127058]  00066.webp
├── [     315934]  00067.webp
├── [     449838]  00068.webp
├── [     257306]  00069.webp
├── [     208692]  00070.webp
├── [     300418]  00071.webp
├── [     235332]  00072.webp
├── [     514210]  00073.webp
├── [      70058]  00074.webp
├── [      78934]  00075.webp
├── [     356178]  00076.webp
├── [     323026]  00077.webp
├── [      97668]  00078.webp
├── [     288966]  00079.webp
├── [      61460]  00080.webp
├── [     288844]  00081.webp
├── [     508052]  00082.webp
├── [     467020]  00083.webp
├── [     297166]  00084.webp
├── [     230528]  00085.webp
├── [     168220]  00086.webp
├── [     179314]  00087.webp
├── [      60180]  00088.webp
├── [     130986]  00089.webp
├── [     653690]  00090.webp
├── [     313492]  00091.webp
├── [     581672]  00092.webp
├── [     280772]  00093.webp
├── [     569364]  00094.webp
├── [      45468]  00095.webp
├── [     210866]  00096.webp
├── [      99510]  00097.webp
├── [     232710]  00098.webp
└── [     279198]  00099.webp

1 directory, 296 files
