======== albionhouse.webm
ExifTool Version Number         : 13.44
File Name                       : albionhouse.webm
Directory                       : .
File Size                       : 4.2 MB
File Modification Date/Time     : 2026:02:27 20:41:30-06:00
File Access Date/Time           : 2026:03:03 22:51:23-06:00
File Inode Change Date/Time     : 2026:03:03 07:23:52-06:00
File Permissions                : -rw-r--r--
File Type                       : WEBM
File Type Extension             : webm
MIME Type                       : video/webm
EBML Version                    : 1
EBML Read Version               : 1
Doc Type                        : webm
Doc Type Version                : 2
Doc Type Read Version           : 2
Timecode Scale                  : 1 ms
Muxing App                      : Lavf62.4.100
Writing App                     : Lavf62.4.100
Date/Time Original              : 2026:02:27 05:37:16.0753329992294312Z
Duration                        : 0:00:55
Track Number                    : 1
Track UID                       : e7f814b5b61e1c40
Track Language                  : und
Track Default                   : No
Codec ID                        : V_VP9
Track Type                      : Video
Video Frame Rate                : 30
Image Width                     : 1024
Image Height                    : 540
Video Scan Type                 : Progressive
Display Width                   : 720
Display Height                  : 540
Major Brand                     : isom
Minor Version                   : 512
Compatible Brands               : isomiso2avc1mp41
Encoder                         : Lavf62.4.100
Tag Track UID                   : e7f814b5b61e1c40
Image Size                      : 1024x540
Megapixels                      : 0.553
======== chemlove.webm
ExifTool Version Number         : 13.44
File Name                       : chemlove.webm
Directory                       : .
File Size                       : 1405 kB
File Modification Date/Time     : 2026:02:27 20:41:30-06:00
File Access Date/Time           : 2026:03:03 22:51:23-06:00
File Inode Change Date/Time     : 2026:03:03 07:23:52-06:00
File Permissions                : -rw-r--r--
File Type                       : WEBM
File Type Extension             : webm
MIME Type                       : video/webm
EBML Version                    : 1
EBML Read Version               : 1
Doc Type                        : webm
Doc Type Version                : 2
Doc Type Read Version           : 2
Timecode Scale                  : 1 ms
Muxing App                      : Lavf62.4.100
Writing App                     : Lavf62.4.100
Date/Time Original              : 2026:02:27 08:21:36.84963595867157Z
Duration                        : 0:02:20
Track Number                    : 1
Track UID                       : d5ef60603bc1c113
Track Language                  : und
Codec ID                        : V_VP9
Track Type                      : Video
Video Frame Rate                : 29.97
Image Width                     : 320
Image Height                    : 180
Video Scan Type                 : Progressive
Compatible Brands               : isomiso2avc1mp41
Major Brand                     : isom
Minor Version                   : 512
Encoder                         : Lavf62.4.100
Tag Track UID                   : d5ef60603bc1c113
Handler Name                    : VideoHandler
Vendor Id                       : [0][0][0][0]
Image Size                      : 320x180
Megapixels                      : 0.058
======== crywolf.webm
ExifTool Version Number         : 13.44
File Name                       : crywolf.webm
Directory                       : .
File Size                       : 2.2 MB
File Modification Date/Time     : 2026:02:27 20:41:30-06:00
File Access Date/Time           : 2026:03:03 22:51:23-06:00
File Inode Change Date/Time     : 2026:03:03 07:23:52-06:00
File Permissions                : -rw-r--r--
File Type                       : WEBM
File Type Extension             : webm
MIME Type                       : video/webm
EBML Version                    : 1
EBML Read Version               : 1
Doc Type                        : webm
Doc Type Version                : 2
Doc Type Read Version           : 2
Timecode Scale                  : 1 ms
Muxing App                      : Lavf62.4.100
Writing App                     : Lavf62.4.100
Date/Time Original              : 2026:02:27 08:18:00.5852130651474Z
Duration                        : 0:03:39
Track Number                    : 1
Track UID                       : 7c68ced941892635
Track Language                  : und
Track Default                   : No
Codec ID                        : V_VP9
Track Type                      : Video
Video Frame Rate                : 12
Image Width                     : 480
Image Height                    : 270
Video Scan Type                 : Progressive
Compatible Brands               : iso6avc1mp41
Major Brand                     : dash
Minor Version                   : 0
Encoder                         : Lavf62.4.100
Tag Track UID                   : 7c68ced941892635
Image Size                      : 480x270
Megapixels                      : 0.130
======== emptybottle.webm
ExifTool Version Number         : 13.44
File Name                       : emptybottle.webm
Directory                       : .
File Size                       : 205 kB
File Modification Date/Time     : 2026:02:27 20:41:30-06:00
File Access Date/Time           : 2026:03:03 22:51:23-06:00
File Inode Change Date/Time     : 2026:03:03 07:23:52-06:00
File Permissions                : -rw-r--r--
File Type                       : WEBM
File Type Extension             : webm
MIME Type                       : video/webm
EBML Version                    : 1
EBML Read Version               : 1
Doc Type                        : webm
Doc Type Version                : 2
Doc Type Read Version           : 2
Timecode Scale                  : 1 ms
Muxing App                      : Lavf62.4.100
Writing App                     : Lavf62.4.100
Date/Time Original              : 2026:02:27 05:37:05.851431012153625Z
Duration                        : 28.13 s
Track Number                    : 1
Track UID                       : a58688c915d95dde
Track Language                  : und
Track Default                   : No
Codec ID                        : V_VP9
Track Type                      : Video
Video Frame Rate                : 59.94
Image Width                     : 160
Image Height                    : 120
Video Scan Type                 : Progressive
Major Brand                     : isom
Minor Version                   : 512
Compatible Brands               : isomiso2avc1mp41
Encoder                         : Lavf62.4.100
Tag Track UID                   : a58688c915d95dde
Image Size                      : 160x120
Megapixels                      : 0.019
======== forcedenlightenment_1.webm
ExifTool Version Number         : 13.44
File Name                       : forcedenlightenment_1.webm
Directory                       : .
File Size                       : 891 kB
File Modification Date/Time     : 2026:02:27 20:41:30-06:00
File Access Date/Time           : 2026:03:03 22:51:23-06:00
File Inode Change Date/Time     : 2026:03:03 07:23:52-06:00
File Permissions                : -rw-r--r--
File Type                       : WEBM
File Type Extension             : webm
MIME Type                       : video/webm
EBML Version                    : 1
EBML Read Version               : 1
Doc Type                        : webm
Doc Type Version                : 2
Doc Type Read Version           : 2
Timecode Scale                  : 1 ms
Muxing App                      : Lavf62.4.100
Writing App                     : Lavf62.4.100
Date/Time Original              : 2026:02:27 08:23:04.323324084281921Z
Duration                        : 0:01:41
Track Number                    : 1
Track UID                       : a3f6fc20eb34d853
Track Language                  : und
Codec ID                        : V_VP9
Track Type                      : Video
Video Frame Rate                : 25
Image Width                     : 320
Image Height                    : 180
Video Scan Type                 : Progressive
Compatible Brands               : isomiso2avc1mp41
Major Brand                     : isom
Minor Version                   : 512
Encoder                         : Lavf62.4.100
Tag Track UID                   : a3f6fc20eb34d853
Handler Name                    : VideoHandler
Vendor Id                       : [0][0][0][0]
Image Size                      : 320x180
Megapixels                      : 0.058
======== forcedenlightenment_2.webm
ExifTool Version Number         : 13.44
File Name                       : forcedenlightenment_2.webm
Directory                       : .
File Size                       : 833 kB
File Modification Date/Time     : 2026:02:27 20:41:30-06:00
File Access Date/Time           : 2026:03:03 22:51:23-06:00
File Inode Change Date/Time     : 2026:03:03 07:23:52-06:00
File Permissions                : -rw-r--r--
File Type                       : WEBM
File Type Extension             : webm
MIME Type                       : video/webm
EBML Version                    : 1
EBML Read Version               : 1
Doc Type                        : webm
Doc Type Version                : 2
Doc Type Read Version           : 2
Timecode Scale                  : 1 ms
Muxing App                      : Lavf62.4.100
Writing App                     : Lavf62.4.100
Date/Time Original              : 2026:02:27 08:25:09.451202988624573Z
Duration                        : 0:01:42
Track Number                    : 1
Track UID                       : 85072ae5c8bce4e4
Track Language                  : und
Codec ID                        : V_VP9
Track Type                      : Video
Video Frame Rate                : 25
Image Width                     : 320
Image Height                    : 180
Video Scan Type                 : Progressive
Compatible Brands               : isomiso2avc1mp41
Major Brand                     : isom
Minor Version                   : 512
Encoder                         : Lavf62.4.100
Tag Track UID                   : 85072ae5c8bce4e4
Handler Name                    : VideoHandler
Vendor Id                       : [0][0][0][0]
Image Size                      : 320x180
Megapixels                      : 0.058
======== grate.webm
ExifTool Version Number         : 13.44
File Name                       : grate.webm
Directory                       : .
File Size                       : 6.5 MB
File Modification Date/Time     : 2026:02:27 20:41:30-06:00
File Access Date/Time           : 2026:03:07 03:35:14-06:00
File Inode Change Date/Time     : 2026:03:03 07:23:52-06:00
File Permissions                : -rw-r--r--
File Type                       : WEBM
File Type Extension             : webm
MIME Type                       : video/webm
EBML Version                    : 1
EBML Read Version               : 1
Doc Type                        : webm
Doc Type Version                : 4
Doc Type Read Version           : 2
Timecode Scale                  : 1 ms
Muxing App                      : Lavf62.3.100
Writing App                     : Lavf62.3.100
Duration                        : 0:01:05
Video Frame Rate                : 29.97
Image Width                     : 320
Image Height                    : 180
Video Scan Type                 : Progressive
Display Width                   : 319
Display Height                  : 180
Track Number                    : 2
Track UID                       : 7bd0ed4f6b6a5454
Track Language                  : und
Codec ID                        : A_OPUS
Track Type                      : Audio
Audio Channels                  : 2
Audio Sample Rate               : 48000
Audio Bits Per Sample           : 32
Major Brand                     : isom
Minor Version                   : 512
Compatible Brands               : isomiso2avc1mp41
Encoder                         : Lavf62.3.100
Handler Name                    : VideoHandler
Vendor Id                       : [0][0][0][0]
Tag Track UID                   : 7bd0ed4f6b6a5454
Image Size                      : 320x180
Megapixels                      : 0.058
======== lotusmotel.webm
ExifTool Version Number         : 13.44
File Name                       : lotusmotel.webm
Directory                       : .
File Size                       : 2.3 MB
File Modification Date/Time     : 2026:02:27 20:41:30-06:00
File Access Date/Time           : 2026:03:03 22:51:23-06:00
File Inode Change Date/Time     : 2026:03:03 07:23:52-06:00
File Permissions                : -rw-r--r--
File Type                       : WEBM
File Type Extension             : webm
MIME Type                       : video/webm
EBML Version                    : 1
EBML Read Version               : 1
Doc Type                        : webm
Doc Type Version                : 4
Doc Type Read Version           : 2
Timecode Scale                  : 1 ms
Muxing App                      : Lavf62.3.100
Writing App                     : Lavf62.3.100
Duration                        : 0:00:47
Video Frame Rate                : 29.915
Image Width                     : 320
Image Height                    : 180
Video Scan Type                 : Progressive
Display Width                   : 324
Display Height                  : 180
Track Number                    : 2
Track UID                       : 05ec19b9ec5e643a
Track Language                  : und
Codec ID                        : A_OPUS
Track Type                      : Audio
Audio Channels                  : 2
Audio Sample Rate               : 48000
Audio Bits Per Sample           : 32
Major Brand                     : isom
Minor Version                   : 512
Compatible Brands               : isomiso2avc1mp41
Encoder                         : Lavf62.3.100
Handler Name                    : VideoHandler
Vendor Id                       : [0][0][0][0]
Tag Track UID                   : 05ec19b9ec5e643a
Image Size                      : 320x180
Megapixels                      : 0.058
======== mattlistendarkenlightenmenttrack.webm
ExifTool Version Number         : 13.44
File Name                       : mattlistendarkenlightenmenttrack.webm
Directory                       : .
File Size                       : 2.8 MB
File Modification Date/Time     : 2026:02:27 20:41:30-06:00
File Access Date/Time           : 2026:03:03 22:51:23-06:00
File Inode Change Date/Time     : 2026:03:03 07:23:52-06:00
File Permissions                : -rw-r--r--
File Type                       : WEBM
File Type Extension             : webm
MIME Type                       : video/webm
EBML Version                    : 1
EBML Read Version               : 1
Doc Type                        : webm
Doc Type Version                : 2
Doc Type Read Version           : 2
Timecode Scale                  : 1 ms
Muxing App                      : Lavf62.4.100
Writing App                     : Lavf62.4.100
Date/Time Original              : 2026:02:27 08:17:32.717875957489014Z
Duration                        : 0:03:17
Track Number                    : 1
Track UID                       : 0248663215bf0bbe
Track Language                  : und
Track Default                   : No
Codec ID                        : V_VP9
Track Type                      : Video
Video Frame Rate                : 29.97
Image Width                     : 320
Image Height                    : 180
Video Scan Type                 : Progressive
Compatible Brands               : iso6avc1mp41
Major Brand                     : dash
Minor Version                   : 0
Encoder                         : Lavf62.4.100
Tag Track UID                   : 0248663215bf0bbe
Image Size                      : 320x180
Megapixels                      : 0.058
======== smtiaie.webm
ExifTool Version Number         : 13.44
File Name                       : smtiaie.webm
Directory                       : .
File Size                       : 251 kB
File Modification Date/Time     : 2026:02:27 20:41:30-06:00
File Access Date/Time           : 2026:03:03 22:51:23-06:00
File Inode Change Date/Time     : 2026:03:03 07:23:52-06:00
File Permissions                : -rw-r--r--
File Type                       : WEBM
File Type Extension             : webm
MIME Type                       : video/webm
EBML Version                    : 1
EBML Read Version               : 1
Doc Type                        : webm
Doc Type Version                : 2
Doc Type Read Version           : 2
Timecode Scale                  : 1 ms
Muxing App                      : Lavf62.4.100
Writing App                     : Lavf62.4.100
Date/Time Original              : 2026:02:27 05:39:00.763499975204468Z
Duration                        : 0:01:01
Track Number                    : 1
Track UID                       : bd4a51212ba2137e
Track Language                  : und
Track Default                   : No
Codec ID                        : V_VP9
Track Type                      : Video
Video Frame Rate                : 29.97
Image Width                     : 160
Image Height                    : 90
Video Scan Type                 : Progressive
Compatible Brands               : isomiso2avc1mp41
Major Brand                     : isom
Minor Version                   : 512
Encoder                         : Lavf62.4.100
Tag Track UID                   : bd4a51212ba2137e
Image Size                      : 160x90
Megapixels                      : 0.014
======== thom_1.webm
ExifTool Version Number         : 13.44
File Name                       : thom_1.webm
Directory                       : .
File Size                       : 1133 kB
File Modification Date/Time     : 2026:02:27 20:41:30-06:00
File Access Date/Time           : 2026:03:03 22:51:23-06:00
File Inode Change Date/Time     : 2026:03:03 07:23:52-06:00
File Permissions                : -rw-r--r--
File Type                       : WEBM
File Type Extension             : webm
MIME Type                       : video/webm
EBML Version                    : 1
EBML Read Version               : 1
Doc Type                        : webm
Doc Type Version                : 2
Doc Type Read Version           : 2
Timecode Scale                  : 1 ms
Muxing App                      : Lavf62.4.100
Writing App                     : Lavf62.4.100
Date/Time Original              : 2026:02:27 08:23:19.808136940002441Z
Duration                        : 0:00:39
Track Number                    : 1
Track UID                       : bab43eede4f76104
Track Language                  : und
Track Default                   : No
Codec ID                        : V_VP9
Track Type                      : Video
Video Frame Rate                : 59.94
Image Width                     : 320
Image Height                    : 180
Video Scan Type                 : Progressive
Minor Version                   : 0
Compatible Brands               : iso6avc1mp41
Major Brand                     : dash
Encoder                         : Lavf62.4.100
Tag Track UID                   : bab43eede4f76104
Image Size                      : 320x180
Megapixels                      : 0.058
======== thom_2.webm
ExifTool Version Number         : 13.44
File Name                       : thom_2.webm
Directory                       : .
File Size                       : 1130 kB
File Modification Date/Time     : 2026:02:27 20:41:30-06:00
File Access Date/Time           : 2026:03:03 22:51:23-06:00
File Inode Change Date/Time     : 2026:03:03 07:23:52-06:00
File Permissions                : -rw-r--r--
File Type                       : WEBM
File Type Extension             : webm
MIME Type                       : video/webm
EBML Version                    : 1
EBML Read Version               : 1
Doc Type                        : webm
Doc Type Version                : 2
Doc Type Read Version           : 2
Timecode Scale                  : 1 ms
Muxing App                      : Lavf62.4.100
Writing App                     : Lavf62.4.100
Date/Time Original              : 2026:02:27 08:25:43.167940020561218Z
Duration                        : 0:00:38
Track Number                    : 1
Track UID                       : 07e380b35fa8d277
Track Language                  : und
Track Default                   : No
Codec ID                        : V_VP9
Track Type                      : Video
Video Frame Rate                : 59.94
Image Width                     : 320
Image Height                    : 180
Video Scan Type                 : Progressive
Minor Version                   : 0
Compatible Brands               : iso6avc1mp41
Major Brand                     : dash
Encoder                         : Lavf62.4.100
Tag Track UID                   : 07e380b35fa8d277
Image Size                      : 320x180
Megapixels                      : 0.058
======== untitled.webm
ExifTool Version Number         : 13.44
File Name                       : untitled.webm
Directory                       : .
File Size                       : 3.0 MB
File Modification Date/Time     : 2026:02:27 20:41:30-06:00
File Access Date/Time           : 2026:03:03 22:51:23-06:00
File Inode Change Date/Time     : 2026:03:03 07:23:52-06:00
File Permissions                : -rw-r--r--
File Type                       : WEBM
File Type Extension             : webm
MIME Type                       : video/webm
EBML Version                    : 1
EBML Read Version               : 1
Doc Type                        : webm
Doc Type Version                : 4
Doc Type Read Version           : 2
Timecode Scale                  : 1 ms
Muxing App                      : Lavf62.3.100
Writing App                     : Lavf62.3.100
Duration                        : 0:01:05
Video Frame Rate                : 29.97
Image Width                     : 320
Image Height                    : 180
Video Scan Type                 : Progressive
Display Width                   : 322
Display Height                  : 180
Track Number                    : 2
Track UID                       : 192b5eae0701db56
Track Language                  : und
Codec ID                        : A_OPUS
Track Type                      : Audio
Audio Channels                  : 2
Audio Sample Rate               : 48000
Audio Bits Per Sample           : 32
Major Brand                     : isom
Minor Version                   : 512
Compatible Brands               : isomiso2avc1mp41
Encoder                         : Lavf62.3.100
Handler Name                    : VideoHandler
Vendor Id                       : [0][0][0][0]
Tag Track UID                   : 192b5eae0701db56
Image Size                      : 320x180
Megapixels                      : 0.058
======== uwmadison.webm
ExifTool Version Number         : 13.44
File Name                       : uwmadison.webm
Directory                       : .
File Size                       : 931 kB
File Modification Date/Time     : 2026:02:27 20:41:30-06:00
File Access Date/Time           : 2026:03:03 22:51:23-06:00
File Inode Change Date/Time     : 2026:03:03 07:23:52-06:00
File Permissions                : -rw-r--r--
File Type                       : WEBM
File Type Extension             : webm
MIME Type                       : video/webm
EBML Version                    : 1
EBML Read Version               : 1
Doc Type                        : webm
Doc Type Version                : 2
Doc Type Read Version           : 2
Timecode Scale                  : 1 ms
Muxing App                      : Lavf62.4.100
Writing App                     : Lavf62.4.100
Date/Time Original              : 2026:02:27 05:36:52.114697933197021Z
Duration                        : 0:00:34
Track Number                    : 1
Track UID                       : 67edcbd8cf445587
Track Language                  : und
Track Default                   : No
Codec ID                        : V_VP9
Track Type                      : Video
Video Frame Rate                : 29.97
Image Width                     : 270
Image Height                    : 480
Video Scan Type                 : Progressive
Major Brand                     : isom
Minor Version                   : 512
Compatible Brands               : isomiso2avc1mp41
Encoder                         : Lavf62.4.100
Tag Track UID                   : 67edcbd8cf445587
Image Size                      : 270x480
Megapixels                      : 0.130
======== yfpmms.webm
ExifTool Version Number         : 13.44
File Name                       : yfpmms.webm
Directory                       : .
File Size                       : 464 kB
File Modification Date/Time     : 2026:02:27 20:41:30-06:00
File Access Date/Time           : 2026:03:03 22:51:23-06:00
File Inode Change Date/Time     : 2026:03:03 07:23:52-06:00
File Permissions                : -rw-r--r--
File Type                       : WEBM
File Type Extension             : webm
MIME Type                       : video/webm
EBML Version                    : 1
EBML Read Version               : 1
Doc Type                        : webm
Doc Type Version                : 2
Doc Type Read Version           : 2
Timecode Scale                  : 1 ms
Muxing App                      : Lavf62.4.100
Writing App                     : Lavf62.4.100
Date/Time Original              : 2026:02:27 05:39:10.0932589769363403Z
Duration                        : 0:02:04
Track Number                    : 1
Track UID                       : 1f8824eabe5d8e69
Track Language                  : und
Track Default                   : No
Codec ID                        : V_VP9
Track Type                      : Video
Video Frame Rate                : 29.97
Image Width                     : 160
Image Height                    : 90
Video Scan Type                 : Progressive
Compatible Brands               : isomiso2avc1mp41
Major Brand                     : isom
Minor Version                   : 512
Encoder                         : Lavf62.4.100
Tag Track UID                   : 1f8824eabe5d8e69
Image Size                      : 160x90
Megapixels                      : 0.014
======== z-1.webm
ExifTool Version Number         : 13.44
File Name                       : z-1.webm
Directory                       : .
File Size                       : 272 kB
File Modification Date/Time     : 2026:02:27 20:41:30-06:00
File Access Date/Time           : 2026:03:03 22:51:23-06:00
File Inode Change Date/Time     : 2026:03:03 07:23:52-06:00
File Permissions                : -rw-r--r--
File Type                       : WEBM
File Type Extension             : webm
MIME Type                       : video/webm
EBML Version                    : 1
EBML Read Version               : 1
Doc Type                        : webm
Doc Type Version                : 2
Doc Type Read Version           : 2
Timecode Scale                  : 1 ms
Muxing App                      : Lavf62.4.100
Writing App                     : Lavf62.4.100
Date/Time Original              : 2026:02:27 05:38:03.285205006599426Z
Duration                        : 0:00:38
Track Number                    : 1
Track UID                       : b698482d6a8d3f09
Track Language                  : und
Track Default                   : No
Codec ID                        : V_VP9
Track Type                      : Video
Video Frame Rate                : 23.976
Image Width                     : 320
Image Height                    : 180
Video Scan Type                 : Progressive
Major Brand                     : isom
Minor Version                   : 512
Compatible Brands               : isomiso2avc1mp41
Encoder                         : Lavf62.4.100
Tag Track UID                   : b698482d6a8d3f09
Image Size                      : 320x180
Megapixels                      : 0.058
   16 image files read
